Case #1: 1
Case #2: IMPOSSIBLE
Case #3: IMPOSSIBLE
Case #4: 1 2 3
Case #5: IMPOSSIBLE
Case #6: 15 8 9 7 6 14 12 10 2 13 5 3 4 1 11
Case #7: 19 18 17 16 15 14 13 12 11 10 9 8 7 1 2 3 4 5 6
Case #8: 1 2 3 5 6 10 7 11 9 12 14 15 13 16 17 8 18 19 4 20
Case #9: 5 4 2 1 3
Case #10: 20 19 18 17 16 15 14 13 12 11 10 9 8 7 6 5 4 3 2 1
Case #11: 4 1 2 5 3
Case #12: 18 15 19 17 9 14 16 12 8 11 13 2 5 3 4 6 10 1 7 20
Case #13: IMPOSSIBLE
Case #14: 2 1 4 3
Case #15: IMPOSSIBLE
Case #16: IMPOSSIBLE
Case #17: 2 1
Case #18: IMPOSSIBLE
Case #19: 19 18 17 12 14 13 5 16 4 8 3 1 9 6 15 7 2 20 11 10
Case #20: IMPOSSIBLE
Case #21: 9 8 6 3 2 1 4 5 7
Case #22: 1
Case #23: IMPOSSIBLE
Case #24: 6 9 10 1 4 7 3 8 2 5
Case #25: 14 12 13 10 6 3 1 7 5 2 9 8 11 4 15
