Case #1: IMPOSSIBLE
Case #2: IMPOSSIBLE
Case #3: IMPOSSIBLE
Case #4: IMPOSSIBLE
Case #5: IMPOSSIBLE
Case #6: IMPOSSIBLE
Case #7: IMPOSSIBLE
Case #8: IMPOSSIBLE
Case #9: 2 1 4 3
Case #10: IMPOSSIBLE
Case #11: IMPOSSIBLE
Case #12: IMPOSSIBLE
Case #13: 1
Case #14: 2 1
Case #15: IMPOSSIBLE
Case #16: 1 2 4 3 5
Case #17: IMPOSSIBLE
Case #18: 1 2 3
Case #19: IMPOSSIBLE
Case #20: IMPOSSIBLE
Case #21: 1 3 6 7 8 9 5 10 11 12 13 2 14 15 16 17 18 19 20 4
Case #22: IMPOSSIBLE
Case #23: IMPOSSIBLE
Case #24: 1
Case #25: IMPOSSIBLE
