Case #1: IMPOSSIBLE
Case #2: IMPOSSIBLE
Case #3: IMPOSSIBLE
Case #4: IMPOSSIBLE
Case #5: IMPOSSIBLE
Case #6: IMPOSSIBLE
Case #7: 2 1 4 3
Case #8: 1 2 6 7 9 10 8 11 12 14 15 5 16 13 17 18 3 19 4 20
Case #9: IMPOSSIBLE
Case #10: IMPOSSIBLE
Case #11: IMPOSSIBLE
Case #12: 1 2 3
Case #13: IMPOSSIBLE
Case #14: IMPOSSIBLE
Case #15: IMPOSSIBLE
Case #16: IMPOSSIBLE
Case #17: IMPOSSIBLE
Case #18: 1
Case #19: 2 1
Case #20: 2 3 1 4 5
Case #21: IMPOSSIBLE
Case #22: IMPOSSIBLE
Case #23: 1
Case #24: IMPOSSIBLE
Case #25: IMPOSSIBLE
