Case #1: IMPOSSIBLE
Case #2: IMPOSSIBLE
Case #3: IMPOSSIBLE
Case #4: IMPOSSIBLE
Case #5: 2 1
Case #6: 1
Case #7: IMPOSSIBLE
Case #8: IMPOSSIBLE
Case #9: 4 1 2 5 3
Case #10: 1 2 5 3 7 8 9 10 11 12 4 13 14 16 17 18 19 6 20 15
Case #11: IMPOSSIBLE
Case #12: IMPOSSIBLE
Case #13: IMPOSSIBLE
Case #14: 1
Case #15: 1 2 3
Case #16: IMPOSSIBLE
Case #17: IMPOSSIBLE
Case #18: IMPOSSIBLE
Case #19: IMPOSSIBLE
Case #20: IMPOSSIBLE
Case #21: IMPOSSIBLE
Case #22: 2 1 4 3
Case #23: IMPOSSIBLE
Case #24: IMPOSSIBLE
Case #25: IMPOSSIBLE
